scheduled_crawl 시작
실행할 대상이 없습니다.
scheduled_crawl 시작

[danawa] https://prod.danawa.com/info/?pcode=00000000
성공 - review_count=0 / created=0 / updated=0

[glowpick] https://www.glowpick.com/products/00000
성공 - review_count=0 / created=0 / updated=0

[hwahae] https://www.hwahae.co.kr/goods/70006
성공 - review_count=2 / created=0 / updated=2

scheduled_crawl 종료
총 3개 / 성공 3 / 실패 0 / created 0 / updated 2
scheduled_crawl 시작
실행할 대상이 없습니다.
scheduled_crawl 시작

[danawa] https://prod.danawa.com/info/?pcode=00000000
성공 - review_count=0 / created=0 / updated=0

[glowpick] https://www.glowpick.com/products/00000
성공 - review_count=0 / created=0 / updated=0

[hwahae] https://www.hwahae.co.kr/goods/70006
성공 - review_count=2 / created=0 / updated=2

scheduled_crawl 종료
총 3개 / 성공 3 / 실패 0 / created 0 / updated 2
scheduled_crawl 시작
실행할 대상이 없습니다.
scheduled_crawl 시작

[danawa] https://prod.danawa.com/info/?pcode=00000000
성공 - review_count=0 / created=0 / updated=0

[glowpick] https://www.glowpick.com/products/00000
성공 - review_count=0 / created=0 / updated=0

[hwahae] https://www.hwahae.co.kr/goods/70006
성공 - review_count=2 / created=2 / updated=0

scheduled_crawl 종료
총 3개 / 성공 3 / 실패 0 / created 2 / updated 0
scheduled_crawl 시작

[danawa] https://prod.danawa.com/info/?pcode=00000000
성공 - review_count=0 / created=0 / updated=0

scheduled_crawl 종료
총 1개 / 성공 1 / 실패 0 / created 0 / updated 0
scheduled_crawl 시작

[glowpick] https://www.glowpick.com/products/00000
성공 - review_count=0 / created=0 / updated=0

[hwahae] https://www.hwahae.co.kr/goods/70006
성공 - review_count=2 / created=0 / updated=2

scheduled_crawl 종료
총 2개 / 성공 2 / 실패 0 / created 0 / updated 2
scheduled_crawl 시작

[danawa] https://prod.danawa.com/info/?pcode=00000000
성공 - review_count=0 / created=0 / updated=0

scheduled_crawl 종료
총 1개 / 성공 1 / 실패 0 / created 0 / updated 0
scheduled_crawl 시작

[glowpick] https://www.glowpick.com/products/00000
성공 - review_count=0 / created=0 / updated=0

[hwahae] https://www.hwahae.co.kr/goods/70006
성공 - review_count=2 / created=0 / updated=2

[danawa] https://prod.danawa.com/info/?pcode=00000000
성공 - review_count=0 / created=0 / updated=0

scheduled_crawl 종료
총 3개 / 성공 3 / 실패 0 / created 0 / updated 2
scheduled_crawl 시작
실행할 대상이 없습니다.
scheduled_crawl 시작

[glowpick] https://www.glowpick.com/products/00000
성공 - review_count=0 / created=0 / updated=0

[hwahae] https://www.hwahae.co.kr/goods/70006
성공 - review_count=2 / created=0 / updated=2

[danawa] https://prod.danawa.com/info/?pcode=00000000
성공 - review_count=0 / created=0 / updated=0

scheduled_crawl 종료
총 3개 / 성공 3 / 실패 0 / created 0 / updated 2
scheduled_crawl 시작
실행할 대상이 없습니다.
scheduled_crawl 시작

[glowpick] https://www.glowpick.com/products/00000
성공 - review_count=0 / created=0 / updated=0

[hwahae] https://www.hwahae.co.kr/goods/70006
성공 - review_count=2 / created=0 / updated=2

[danawa] https://prod.danawa.com/info/?pcode=00000000
성공 - review_count=0 / created=0 / updated=0

scheduled_crawl 종료
총 3개 / 성공 3 / 실패 0 / created 0 / updated 2
scheduled_crawl 시작

[glowpick] https://www.glowpick.com/products/00000
성공 - review_count=0 / created=0 / updated=0

[hwahae] https://www.hwahae.co.kr/goods/70006
성공 - review_count=2 / created=0 / updated=2

[danawa] https://prod.danawa.com/info/?pcode=00000000
성공 - review_count=0 / created=0 / updated=0

scheduled_crawl 종료
총 3개 / 성공 3 / 실패 0 / created 0 / updated 2
scheduled_crawl 시작
실행할 대상이 없습니다.
scheduled_crawl 시작

[glowpick] https://www.glowpick.com/products/00000
성공 - review_count=0 / created=0 / updated=0

[hwahae] https://www.hwahae.co.kr/goods/70006
성공 - review_count=2 / created=0 / updated=2

[danawa] https://prod.danawa.com/info/?pcode=00000000
성공 - review_count=0 / created=0 / updated=0

scheduled_crawl 종료
총 3개 / 성공 3 / 실패 0 / created 0 / updated 2
scheduled_crawl 시작
실행할 대상이 없습니다.
scheduled_crawl 시작

[glowpick] https://www.glowpick.com/products/00000
성공 - review_count=0 / created=0 / updated=0

[hwahae] https://www.hwahae.co.kr/goods/70006
성공 - review_count=2 / created=0 / updated=2

[danawa] https://prod.danawa.com/info/?pcode=00000000
성공 - review_count=0 / created=0 / updated=0

scheduled_crawl 종료
총 3개 / 성공 3 / 실패 0 / created 0 / updated 2
scheduled_crawl 시작
실행할 대상이 없습니다.
scheduled_crawl 시작

[glowpick] https://www.glowpick.com/products/00000
성공 - review_count=0 / created=0 / updated=0

[hwahae] https://www.hwahae.co.kr/goods/70006
성공 - review_count=2 / created=0 / updated=2

[danawa] https://prod.danawa.com/info/?pcode=00000000
성공 - review_count=0 / created=0 / updated=0

scheduled_crawl 종료
총 3개 / 성공 3 / 실패 0 / created 0 / updated 2
scheduled_crawl 시작
실행할 대상이 없습니다.
scheduled_crawl 시작

[glowpick] https://www.glowpick.com/products/00000
성공 - review_count=0 / created=0 / updated=0

[hwahae] https://www.hwahae.co.kr/goods/70006
성공 - review_count=2 / created=0 / updated=2

[danawa] https://prod.danawa.com/info/?pcode=00000000
성공 - review_count=0 / created=0 / updated=0

scheduled_crawl 종료
총 3개 / 성공 3 / 실패 0 / created 0 / updated 2
scheduled_crawl 시작

[glowpick] https://www.glowpick.com/products/00000
성공 - review_count=0 / created=0 / updated=0

scheduled_crawl 종료
총 1개 / 성공 1 / 실패 0 / created 0 / updated 0
scheduled_crawl 시작

[hwahae] https://www.hwahae.co.kr/goods/70006
성공 - review_count=2 / created=0 / updated=2

[danawa] https://prod.danawa.com/info/?pcode=00000000
성공 - review_count=0 / created=0 / updated=0

scheduled_crawl 종료
총 2개 / 성공 2 / 실패 0 / created 0 / updated 2
scheduled_crawl 시작

[glowpick] https://www.glowpick.com/products/00000
성공 - review_count=0 / created=0 / updated=0

scheduled_crawl 종료
총 1개 / 성공 1 / 실패 0 / created 0 / updated 0
scheduled_crawl 시작

[hwahae] https://www.hwahae.co.kr/goods/70006
성공 - review_count=2 / created=0 / updated=2

[danawa] https://prod.danawa.com/info/?pcode=00000000
성공 - review_count=0 / created=0 / updated=0

scheduled_crawl 종료
총 2개 / 성공 2 / 실패 0 / created 0 / updated 2
scheduled_crawl 시작

[glowpick] https://www.glowpick.com/products/00000
성공 - review_count=0 / created=0 / updated=0

scheduled_crawl 종료
총 1개 / 성공 1 / 실패 0 / created 0 / updated 0
scheduled_crawl 시작

[hwahae] https://www.hwahae.co.kr/goods/70006
성공 - review_count=2 / created=0 / updated=2

[danawa] https://prod.danawa.com/info/?pcode=00000000
성공 - review_count=0 / created=0 / updated=0

scheduled_crawl 종료
총 2개 / 성공 2 / 실패 0 / created 0 / updated 2
scheduled_crawl 시작

[glowpick] https://www.glowpick.com/products/00000
성공 - review_count=0 / created=0 / updated=0

[hwahae] https://www.hwahae.co.kr/goods/70006
성공 - review_count=2 / created=0 / updated=2

[danawa] https://prod.danawa.com/info/?pcode=00000000
성공 - review_count=0 / created=0 / updated=0

scheduled_crawl 종료
총 3개 / 성공 3 / 실패 0 / created 0 / updated 2
scheduled_crawl 시작
실행할 대상이 없습니다.
scheduled_crawl 시작
실행할 대상이 없습니다.
scheduled_crawl 시작
실행할 대상이 없습니다.
scheduled_crawl 시작
실행할 대상이 없습니다.
scheduled_crawl 시작

[hwahae] https://www.hwahae.co.kr/goods/70006
성공 - review_count=2 / created=0 / updated=2

[danawa] https://prod.danawa.com/info/?pcode=00000000
성공 - review_count=0 / created=0 / updated=0

[glowpick] https://www.glowpick.com/products/00000
성공 - review_count=0 / created=0 / updated=0

scheduled_crawl 종료
총 3개 / 성공 3 / 실패 0 / created 0 / updated 2
scheduled_crawl 시작
실행할 대상이 없습니다.
scheduled_crawl 시작
실행할 대상이 없습니다.
/bin/sh: 1: /home/youjung/product-review-service/.venv/bin/python: not found
/bin/sh: 1: /home/youjung/product-review-service/.venv/bin/python: not found
/bin/sh: 1: /home/youjung/product-review-service/.venv/bin/python: not found
/bin/sh: 1: /home/youjung/product-review-service/.venv/bin/python: not found
/bin/sh: 1: /home/youjung/product-review-service/.venv/bin/python: not found
/bin/sh: 1: /home/youjung/product-review-service/.venv/bin/python: not found
/bin/sh: 1: /home/youjung/product-review-service/.venv/bin/python: not found
/bin/sh: 1: /home/youjung/product-review-service/.venv/bin/python: not found
/bin/sh: 1: /home/youjung/product-review-service/.venv/bin/python: not found
/bin/sh: 1: /home/youjung/product-review-service/.venv/bin/python: not found
/bin/sh: 1: /home/youjung/product-review-service/.venv/bin/python: not found
/bin/sh: 1: /home/youjung/product-review-service/.venv/bin/python: not found
/bin/sh: 1: /home/youjung/product-review-service/.venv/bin/python: not found
/bin/sh: 1: /home/youjung/product-review-service/.venv/bin/python: not found
/bin/sh: 1: /home/youjung/product-review-service/.venv/bin/python: not found
/bin/sh: 1: /home/youjung/product-review-service/.venv/bin/python: not found
/bin/sh: 1: /home/youjung/product-review-service/.venv/bin/python: not found
/bin/sh: 1: /home/youjung/product-review-service/.venv/bin/python: not found
/bin/sh: 1: /home/youjung/product-review-service/.venv/bin/python: not found
/bin/sh: 1: /home/youjung/product-review-service/.venv/bin/python: not found
/bin/sh: 1: /home/youjung/product-review-service/.venv/bin/python: not found
/bin/sh: 1: /home/youjung/product-review-service/.venv/bin/python: not found
/bin/sh: 1: /home/youjung/product-review-service/.venv/bin/python: not found
/bin/sh: 1: /home/youjung/product-review-service/.venv/bin/python: not found
/bin/sh: 1: /home/youjung/product-review-service/.venv/bin/python: not found
/bin/sh: 1: /home/youjung/product-review-service/.venv/bin/python: not found
/bin/sh: 1: /home/youjung/product-review-service/.venv/bin/python: not found
/bin/sh: 1: /home/youjung/product-review-service/.venv/bin/python: not found
/bin/sh: 1: /home/youjung/product-review-service/.venv/bin/python: not found
/bin/sh: 1: /home/youjung/product-review-service/.venv/bin/python: not found
/bin/sh: 1: /home/youjung/product-review-service/.venv/bin/python: not found
/bin/sh: 1: /home/youjung/product-review-service/.venv/bin/python: not found
/bin/sh: 1: /home/youjung/product-review-service/.venv/bin/python: not found
/bin/sh: 1: /home/youjung/product-review-service/.venv/bin/python: not found
/bin/sh: 1: /home/youjung/product-review-service/.venv/bin/python: not found
/bin/sh: 1: /home/youjung/product-review-service/.venv/bin/python: not found
/bin/sh: 1: /home/youjung/product-review-service/.venv/bin/python: not found
/bin/sh: 1: /home/youjung/product-review-service/.venv/bin/python: not found
/bin/sh: 1: /home/youjung/product-review-service/.venv/bin/python: not found
/bin/sh: 1: /home/youjung/product-review-service/.venv/bin/python: not found
/bin/sh: 1: /home/youjung/product-review-service/.venv/bin/python: not found
/bin/sh: 1: /home/youjung/product-review-service/.venv/bin/python: not found
/bin/sh: 1: /home/youjung/product-review-service/.venv/bin/python: not found
/bin/sh: 1: /home/youjung/product-review-service/.venv/bin/python: not found
/bin/sh: 1: /home/youjung/product-review-service/.venv/bin/python: not found
/bin/sh: 1: /home/youjung/product-review-service/.venv/bin/python: not found
/bin/sh: 1: /home/youjung/product-review-service/.venv/bin/python: not found
/bin/sh: 1: /home/youjung/product-review-service/.venv/bin/python: not found
/bin/sh: 1: /home/youjung/product-review-service/.venv/bin/python: not found
/bin/sh: 1: /home/youjung/product-review-service/.venv/bin/python: not found
/bin/sh: 1: /home/youjung/product-review-service/.venv/bin/python: not found
/bin/sh: 1: /home/youjung/product-review-service/.venv/bin/python: not found
/bin/sh: 1: /home/youjung/product-review-service/.venv/bin/python: not found
/bin/sh: 1: /home/youjung/product-review-service/.venv/bin/python: not found
/bin/sh: 1: /home/youjung/product-review-service/.venv/bin/python: not found
/bin/sh: 1: /home/youjung/product-review-service/.venv/bin/python: not found
/bin/sh: 1: /home/youjung/product-review-service/.venv/bin/python: not found
/bin/sh: 1: /home/youjung/product-review-service/.venv/bin/python: not found
/bin/sh: 1: /home/youjung/product-review-service/.venv/bin/python: not found
/bin/sh: 1: /home/youjung/product-review-service/.venv/bin/python: not found
/bin/sh: 1: /home/youjung/product-review-service/.venv/bin/python: not found
/bin/sh: 1: /home/youjung/product-review-service/.venv/bin/python: not found
/bin/sh: 1: /home/youjung/product-review-service/.venv/bin/python: not found
/bin/sh: 1: /home/youjung/product-review-service/.venv/bin/python: not found
/bin/sh: 1: /home/youjung/product-review-service/.venv/bin/python: not found
