scheduled_crawl 시작
실행할 대상이 없습니다.
scheduled_crawl 시작
실행할 대상이 없습니다.
scheduled_crawl 시작
실행할 대상이 없습니다.
scheduled_crawl 시작
실행할 대상이 없습니다.
scheduled_crawl 시작
실행할 대상이 없습니다.
scheduled_crawl 시작
실행할 대상이 없습니다.
scheduled_crawl 시작
실행할 대상이 없습니다.
scheduled_crawl 시작
실행할 대상이 없습니다.
scheduled_crawl 시작
실행할 대상이 없습니다.
scheduled_crawl 시작
실행할 대상이 없습니다.
scheduled_crawl 시작
실행할 대상이 없습니다.
scheduled_crawl 시작
실행할 대상이 없습니다.
scheduled_crawl 시작
실행할 대상이 없습니다.
scheduled_crawl 시작
실행할 대상이 없습니다.
scheduled_crawl 시작
실행할 대상이 없습니다.
scheduled_crawl 시작
실행할 대상이 없습니다.
scheduled_crawl 시작
실행할 대상이 없습니다.
scheduled_crawl 시작
실행할 대상이 없습니다.
scheduled_crawl 시작
실행할 대상이 없습니다.
scheduled_crawl 시작
실행할 대상이 없습니다.
scheduled_crawl 시작
실행할 대상이 없습니다.
scheduled_crawl 시작
실행할 대상이 없습니다.
scheduled_crawl 시작
실행할 대상이 없습니다.
scheduled_crawl 시작
실행할 대상이 없습니다.
scheduled_crawl 시작
실행할 대상이 없습니다.
scheduled_crawl 시작

[danawa] https://search.danawa.com/dsearch.php?query=%EC%88%98%EB%B6%84%ED%81%AC%EB%A6%BC
성공 - title=수분크림 : 다나와 통합검색 / candidate_count=20 / created=8 / updated=13

[glowpick] https://glowpick.co.kr/ranking/search/%EC%88%98%EB%B6%84%ED%81%AC%EB%A6%BC
성공 - title=글로우픽 / candidate_count=20 / created=0 / updated=21

[hwahae] https://www.hwahae.co.kr/search?q=%EC%88%98%EB%B6%84%ED%81%AC%EB%A6%BC&type=goods
성공 - title=수분크림 | 화해 - 900만개의 리뷰, 실제 사용 후기 / candidate_count=20 / created=0 / updated=21

scheduled_crawl 종료
총 3개 / 성공 3 / 실패 0 / created 8 / updated 55
scheduled_crawl 시작
실행할 대상이 없습니다.
scheduled_crawl 시작
실행할 대상이 없습니다.
scheduled_crawl 시작
실행할 대상이 없습니다.
scheduled_crawl 시작
실행할 대상이 없습니다.
scheduled_crawl 시작
실행할 대상이 없습니다.
scheduled_crawl 시작
실행할 대상이 없습니다.
scheduled_crawl 시작
실행할 대상이 없습니다.
scheduled_crawl 시작
실행할 대상이 없습니다.
scheduled_crawl 시작
실행할 대상이 없습니다.
scheduled_crawl 시작
실행할 대상이 없습니다.
scheduled_crawl 시작
실행할 대상이 없습니다.
scheduled_crawl 시작
실행할 대상이 없습니다.
scheduled_crawl 시작
실행할 대상이 없습니다.
scheduled_crawl 시작
실행할 대상이 없습니다.
scheduled_crawl 시작
실행할 대상이 없습니다.
scheduled_crawl 시작
실행할 대상이 없습니다.
scheduled_crawl 시작
실행할 대상이 없습니다.
scheduled_crawl 시작
실행할 대상이 없습니다.
scheduled_crawl 시작
실행할 대상이 없습니다.
scheduled_crawl 시작
실행할 대상이 없습니다.
scheduled_crawl 시작
실행할 대상이 없습니다.
scheduled_crawl 시작
실행할 대상이 없습니다.
scheduled_crawl 시작
실행할 대상이 없습니다.
scheduled_crawl 시작
실행할 대상이 없습니다.
scheduled_crawl 시작
실행할 대상이 없습니다.
scheduled_crawl 시작
실행할 대상이 없습니다.
scheduled_crawl 시작
실행할 대상이 없습니다.
scheduled_crawl 시작
실행할 대상이 없습니다.
scheduled_crawl 시작

[danawa] https://search.danawa.com/dsearch.php?query=수분크림
성공 - title=수분크림 : 다나와 통합검색 / candidate_count=20 / created=8 / updated=13

scheduled_crawl 종료
총 1개 / 성공 1 / 실패 0 / created 8 / updated 13
scheduled_crawl 시작
실행할 대상이 없습니다.
scheduled_crawl 시작
실행할 대상이 없습니다.
scheduled_crawl 시작
실행할 대상이 없습니다.
scheduled_crawl 시작
실행할 대상이 없습니다.
scheduled_crawl 시작
실행할 대상이 없습니다.
scheduled_crawl 시작
실행할 대상이 없습니다.
scheduled_crawl 시작
실행할 대상이 없습니다.
scheduled_crawl 시작
실행할 대상이 없습니다.
scheduled_crawl 시작
실행할 대상이 없습니다.
scheduled_crawl 시작
실행할 대상이 없습니다.
scheduled_crawl 시작
실행할 대상이 없습니다.
scheduled_crawl 시작
실행할 대상이 없습니다.
scheduled_crawl 시작
실행할 대상이 없습니다.
scheduled_crawl 시작
실행할 대상이 없습니다.
scheduled_crawl 시작
실행할 대상이 없습니다.
scheduled_crawl 시작
실행할 대상이 없습니다.
scheduled_crawl 시작
실행할 대상이 없습니다.
scheduled_crawl 시작
실행할 대상이 없습니다.
scheduled_crawl 시작
실행할 대상이 없습니다.
scheduled_crawl 시작
실행할 대상이 없습니다.
scheduled_crawl 시작
실행할 대상이 없습니다.
scheduled_crawl 시작
실행할 대상이 없습니다.
scheduled_crawl 시작
실행할 대상이 없습니다.
scheduled_crawl 시작
실행할 대상이 없습니다.
scheduled_crawl 시작
실행할 대상이 없습니다.
scheduled_crawl 시작
실행할 대상이 없습니다.
scheduled_crawl 시작
실행할 대상이 없습니다.
scheduled_crawl 시작
실행할 대상이 없습니다.
scheduled_crawl 시작
실행할 대상이 없습니다.
scheduled_crawl 시작
실행할 대상이 없습니다.
scheduled_crawl 시작
실행할 대상이 없습니다.
scheduled_crawl 시작

[danawa] https://search.danawa.com/dsearch.php?query=%EC%88%98%EB%B6%84%ED%81%AC%EB%A6%BC
성공 - title=수분크림 : 다나와 통합검색 / candidate_count=20 / created=8 / updated=13

[glowpick] https://glowpick.co.kr/ranking/search/%EC%88%98%EB%B6%84%ED%81%AC%EB%A6%BC
성공 - title=글로우픽 / candidate_count=20 / created=0 / updated=21

[hwahae] https://www.hwahae.co.kr/search?q=%EC%88%98%EB%B6%84%ED%81%AC%EB%A6%BC&type=goods
성공 - title=수분크림 | 화해 - 900만개의 리뷰, 실제 사용 후기 / candidate_count=20 / created=0 / updated=21

scheduled_crawl 종료
총 3개 / 성공 3 / 실패 0 / created 8 / updated 55
scheduled_crawl 시작
실행할 대상이 없습니다.
scheduled_crawl 시작
실행할 대상이 없습니다.
scheduled_crawl 시작
실행할 대상이 없습니다.
scheduled_crawl 시작
실행할 대상이 없습니다.
scheduled_crawl 시작
실행할 대상이 없습니다.
scheduled_crawl 시작
실행할 대상이 없습니다.
scheduled_crawl 시작
실행할 대상이 없습니다.
Traceback (most recent call last):
  File "/home/youjung/product-review-service/backend/manage.py", line 22, in <module>
    main()
  File "/home/youjung/product-review-service/backend/manage.py", line 18, in main
    execute_from_command_line(sys.argv)
  File "/home/youjung/product-review-service/.venv/lib/python3.12/site-packages/django/core/management/__init__.py", line 443, in execute_from_command_line
    utility.execute()
  File "/home/youjung/product-review-service/.venv/lib/python3.12/site-packages/django/core/management/__init__.py", line 437, in execute
    self.fetch_command(subcommand).run_from_argv(self.argv)
    ^^^^^^^^^^^^^^^^^^^^^^^^^^^^^^
  File "/home/youjung/product-review-service/.venv/lib/python3.12/site-packages/django/core/management/__init__.py", line 276, in fetch_command
    klass = load_command_class(app_name, subcommand)
            ^^^^^^^^^^^^^^^^^^^^^^^^^^^^^^^^^^^^^^^^
  File "/home/youjung/product-review-service/.venv/lib/python3.12/site-packages/django/core/management/__init__.py", line 48, in load_command_class
    module = import_module("%s.management.commands.%s" % (app_name, name))
             ^^^^^^^^^^^^^^^^^^^^^^^^^^^^^^^^^^^^^^^^^^^^^^^^^^^^^^^^^^^^^
  File "/usr/lib/python3.12/importlib/__init__.py", line 90, in import_module
    return _bootstrap._gcd_import(name[level:], package, level)
           ^^^^^^^^^^^^^^^^^^^^^^^^^^^^^^^^^^^^^^^^^^^^^^^^^^^^
  File "<frozen importlib._bootstrap>", line 1387, in _gcd_import
  File "<frozen importlib._bootstrap>", line 1360, in _find_and_load
  File "<frozen importlib._bootstrap>", line 1331, in _find_and_load_unlocked
  File "<frozen importlib._bootstrap>", line 935, in _load_unlocked
  File "<frozen importlib._bootstrap_external>", line 995, in exec_module
  File "<frozen importlib._bootstrap>", line 488, in _call_with_frames_removed
  File "/home/youjung/product-review-service/backend/apps/crawling/management/commands/scheduled_crawl.py", line 5, in <module>
    from apps.crawling.services.crawl_service import crawl_search_target
  File "/home/youjung/product-review-service/backend/apps/crawling/services/crawl_service.py", line 4, in <module>
    from apps.crawling.services.save_service import save_search_result
ImportError: cannot import name 'save_search_result' from 'apps.crawling.services.save_service' (/home/youjung/product-review-service/backend/apps/crawling/services/save_service.py). Did you mean: 'save_review_result'?
Traceback (most recent call last):
  File "/home/youjung/product-review-service/backend/manage.py", line 22, in <module>
    main()
  File "/home/youjung/product-review-service/backend/manage.py", line 18, in main
    execute_from_command_line(sys.argv)
  File "/home/youjung/product-review-service/.venv/lib/python3.12/site-packages/django/core/management/__init__.py", line 443, in execute_from_command_line
    utility.execute()
  File "/home/youjung/product-review-service/.venv/lib/python3.12/site-packages/django/core/management/__init__.py", line 437, in execute
    self.fetch_command(subcommand).run_from_argv(self.argv)
    ^^^^^^^^^^^^^^^^^^^^^^^^^^^^^^
  File "/home/youjung/product-review-service/.venv/lib/python3.12/site-packages/django/core/management/__init__.py", line 276, in fetch_command
    klass = load_command_class(app_name, subcommand)
            ^^^^^^^^^^^^^^^^^^^^^^^^^^^^^^^^^^^^^^^^
  File "/home/youjung/product-review-service/.venv/lib/python3.12/site-packages/django/core/management/__init__.py", line 48, in load_command_class
    module = import_module("%s.management.commands.%s" % (app_name, name))
             ^^^^^^^^^^^^^^^^^^^^^^^^^^^^^^^^^^^^^^^^^^^^^^^^^^^^^^^^^^^^^
  File "/usr/lib/python3.12/importlib/__init__.py", line 90, in import_module
    return _bootstrap._gcd_import(name[level:], package, level)
           ^^^^^^^^^^^^^^^^^^^^^^^^^^^^^^^^^^^^^^^^^^^^^^^^^^^^
  File "<frozen importlib._bootstrap>", line 1387, in _gcd_import
  File "<frozen importlib._bootstrap>", line 1360, in _find_and_load
  File "<frozen importlib._bootstrap>", line 1331, in _find_and_load_unlocked
  File "<frozen importlib._bootstrap>", line 935, in _load_unlocked
  File "<frozen importlib._bootstrap_external>", line 995, in exec_module
  File "<frozen importlib._bootstrap>", line 488, in _call_with_frames_removed
  File "/home/youjung/product-review-service/backend/apps/crawling/management/commands/scheduled_crawl.py", line 5, in <module>
    from apps.crawling.services.crawl_service import crawl_search_target
  File "/home/youjung/product-review-service/backend/apps/crawling/services/crawl_service.py", line 4, in <module>
    from apps.crawling.services.save_service import save_search_result
ImportError: cannot import name 'save_search_result' from 'apps.crawling.services.save_service' (/home/youjung/product-review-service/backend/apps/crawling/services/save_service.py). Did you mean: 'save_review_result'?
Traceback (most recent call last):
  File "/home/youjung/product-review-service/backend/manage.py", line 22, in <module>
    main()
  File "/home/youjung/product-review-service/backend/manage.py", line 18, in main
    execute_from_command_line(sys.argv)
  File "/home/youjung/product-review-service/.venv/lib/python3.12/site-packages/django/core/management/__init__.py", line 443, in execute_from_command_line
    utility.execute()
  File "/home/youjung/product-review-service/.venv/lib/python3.12/site-packages/django/core/management/__init__.py", line 437, in execute
    self.fetch_command(subcommand).run_from_argv(self.argv)
    ^^^^^^^^^^^^^^^^^^^^^^^^^^^^^^
  File "/home/youjung/product-review-service/.venv/lib/python3.12/site-packages/django/core/management/__init__.py", line 276, in fetch_command
    klass = load_command_class(app_name, subcommand)
            ^^^^^^^^^^^^^^^^^^^^^^^^^^^^^^^^^^^^^^^^
  File "/home/youjung/product-review-service/.venv/lib/python3.12/site-packages/django/core/management/__init__.py", line 48, in load_command_class
    module = import_module("%s.management.commands.%s" % (app_name, name))
             ^^^^^^^^^^^^^^^^^^^^^^^^^^^^^^^^^^^^^^^^^^^^^^^^^^^^^^^^^^^^^
  File "/usr/lib/python3.12/importlib/__init__.py", line 90, in import_module
    return _bootstrap._gcd_import(name[level:], package, level)
           ^^^^^^^^^^^^^^^^^^^^^^^^^^^^^^^^^^^^^^^^^^^^^^^^^^^^
  File "<frozen importlib._bootstrap>", line 1387, in _gcd_import
  File "<frozen importlib._bootstrap>", line 1360, in _find_and_load
  File "<frozen importlib._bootstrap>", line 1331, in _find_and_load_unlocked
  File "<frozen importlib._bootstrap>", line 935, in _load_unlocked
  File "<frozen importlib._bootstrap_external>", line 995, in exec_module
  File "<frozen importlib._bootstrap>", line 488, in _call_with_frames_removed
  File "/home/youjung/product-review-service/backend/apps/crawling/management/commands/scheduled_crawl.py", line 5, in <module>
    from apps.crawling.services.crawl_service import crawl_search_target
  File "/home/youjung/product-review-service/backend/apps/crawling/services/crawl_service.py", line 4, in <module>
    from apps.crawling.services.save_service import save_search_result
ImportError: cannot import name 'save_search_result' from 'apps.crawling.services.save_service' (/home/youjung/product-review-service/backend/apps/crawling/services/save_service.py). Did you mean: 'save_review_result'?
Traceback (most recent call last):
  File "/home/youjung/product-review-service/backend/manage.py", line 22, in <module>
    main()
  File "/home/youjung/product-review-service/backend/manage.py", line 18, in main
    execute_from_command_line(sys.argv)
  File "/home/youjung/product-review-service/.venv/lib/python3.12/site-packages/django/core/management/__init__.py", line 443, in execute_from_command_line
    utility.execute()
  File "/home/youjung/product-review-service/.venv/lib/python3.12/site-packages/django/core/management/__init__.py", line 437, in execute
    self.fetch_command(subcommand).run_from_argv(self.argv)
    ^^^^^^^^^^^^^^^^^^^^^^^^^^^^^^
  File "/home/youjung/product-review-service/.venv/lib/python3.12/site-packages/django/core/management/__init__.py", line 276, in fetch_command
    klass = load_command_class(app_name, subcommand)
            ^^^^^^^^^^^^^^^^^^^^^^^^^^^^^^^^^^^^^^^^
  File "/home/youjung/product-review-service/.venv/lib/python3.12/site-packages/django/core/management/__init__.py", line 48, in load_command_class
    module = import_module("%s.management.commands.%s" % (app_name, name))
             ^^^^^^^^^^^^^^^^^^^^^^^^^^^^^^^^^^^^^^^^^^^^^^^^^^^^^^^^^^^^^
  File "/usr/lib/python3.12/importlib/__init__.py", line 90, in import_module
    return _bootstrap._gcd_import(name[level:], package, level)
           ^^^^^^^^^^^^^^^^^^^^^^^^^^^^^^^^^^^^^^^^^^^^^^^^^^^^
  File "<frozen importlib._bootstrap>", line 1387, in _gcd_import
  File "<frozen importlib._bootstrap>", line 1360, in _find_and_load
  File "<frozen importlib._bootstrap>", line 1331, in _find_and_load_unlocked
  File "<frozen importlib._bootstrap>", line 935, in _load_unlocked
  File "<frozen importlib._bootstrap_external>", line 995, in exec_module
  File "<frozen importlib._bootstrap>", line 488, in _call_with_frames_removed
  File "/home/youjung/product-review-service/backend/apps/crawling/management/commands/scheduled_crawl.py", line 5, in <module>
    from apps.crawling.services.crawl_service import crawl_search_target
ImportError: cannot import name 'crawl_search_target' from 'apps.crawling.services.crawl_service' (/home/youjung/product-review-service/backend/apps/crawling/services/crawl_service.py)
Traceback (most recent call last):
  File "/home/youjung/product-review-service/backend/manage.py", line 22, in <module>
    main()
  File "/home/youjung/product-review-service/backend/manage.py", line 18, in main
    execute_from_command_line(sys.argv)
  File "/home/youjung/product-review-service/.venv/lib/python3.12/site-packages/django/core/management/__init__.py", line 443, in execute_from_command_line
    utility.execute()
  File "/home/youjung/product-review-service/.venv/lib/python3.12/site-packages/django/core/management/__init__.py", line 437, in execute
    self.fetch_command(subcommand).run_from_argv(self.argv)
    ^^^^^^^^^^^^^^^^^^^^^^^^^^^^^^
  File "/home/youjung/product-review-service/.venv/lib/python3.12/site-packages/django/core/management/__init__.py", line 276, in fetch_command
    klass = load_command_class(app_name, subcommand)
            ^^^^^^^^^^^^^^^^^^^^^^^^^^^^^^^^^^^^^^^^
  File "/home/youjung/product-review-service/.venv/lib/python3.12/site-packages/django/core/management/__init__.py", line 48, in load_command_class
    module = import_module("%s.management.commands.%s" % (app_name, name))
             ^^^^^^^^^^^^^^^^^^^^^^^^^^^^^^^^^^^^^^^^^^^^^^^^^^^^^^^^^^^^^
  File "/usr/lib/python3.12/importlib/__init__.py", line 90, in import_module
    return _bootstrap._gcd_import(name[level:], package, level)
           ^^^^^^^^^^^^^^^^^^^^^^^^^^^^^^^^^^^^^^^^^^^^^^^^^^^^
  File "<frozen importlib._bootstrap>", line 1387, in _gcd_import
  File "<frozen importlib._bootstrap>", line 1360, in _find_and_load
  File "<frozen importlib._bootstrap>", line 1331, in _find_and_load_unlocked
  File "<frozen importlib._bootstrap>", line 935, in _load_unlocked
  File "<frozen importlib._bootstrap_external>", line 995, in exec_module
  File "<frozen importlib._bootstrap>", line 488, in _call_with_frames_removed
  File "/home/youjung/product-review-service/backend/apps/crawling/management/commands/scheduled_crawl.py", line 5, in <module>
    from apps.crawling.services.crawl_service import crawl_search_target
ImportError: cannot import name 'crawl_search_target' from 'apps.crawling.services.crawl_service' (/home/youjung/product-review-service/backend/apps/crawling/services/crawl_service.py)
scheduled_crawl 시작
실행할 대상이 없습니다.
scheduled_crawl 시작

[hwahae] https://www.hwahae.co.kr/goods/70006
성공 - review_count=2 / created=2 / updated=0

[danawa] https://prod.danawa.com/info/?pcode=00000000
성공 - review_count=0 / created=0 / updated=0

[glowpick] https://www.glowpick.com/products/00000
성공 - review_count=0 / created=0 / updated=0

scheduled_crawl 종료
총 3개 / 성공 3 / 실패 0 / created 2 / updated 0
scheduled_crawl 시작
실행할 대상이 없습니다.
scheduled_crawl 시작
실행할 대상이 없습니다.
scheduled_crawl 시작
실행할 대상이 없습니다.
scheduled_crawl 시작
실행할 대상이 없습니다.
scheduled_crawl 시작
실행할 대상이 없습니다.
scheduled_crawl 시작
실행할 대상이 없습니다.
